# JRE version: OpenJDK Runtime Environment Temurin-21.0.7+6 (21.0.7+6) (build 21.0.7+6-LTS)
# Java VM: OpenJDK 64-Bit Server VM Temurin-21.0.7+6 (21.0.7+6-LTS, mixed mode, sharing, tiered, compressed oops, compressed class ptrs, parallel gc, windows-amd64)
GC Precious Log:
 CardTable entry size: 512
 CPUs: 12 total, 12 available
 Memory: 16331M
 Large Page Support: Disabled
 NUMA Support: Disabled
 Compressed Oops: Enabled (32-bit)
 Alignments: Space 512K, Generation 512K, Heap 2M
 Heap Min Capacity: 100M
 Heap Initial Capacity: 100M
 Heap Max Capacity: 2G
 Pre-touch: Disabled
 Parallel Workers: 10
Heap:
 PSYoungGen      total 6144K, used 5530K [0x00000000d5580000, 0x00000000d5d00000, 0x0000000100000000)
  eden space 4608K, 93% used [0x00000000d5580000,0x00000000d59ba250,0x00000000d5a00000)
  from space 1536K, 78% used [0x00000000d5a00000,0x00000000d5b2c890,0x00000000d5b80000)
  to   space 1536K, 0% used [0x00000000d5b80000,0x00000000d5b80000,0x00000000d5d00000)
 ParOldGen       total 172032K, used 172031K [0x0000000080000000, 0x000000008a800000, 0x00000000d5580000)
  object space 172032K, 99% used [0x0000000080000000,0x000000008a7ffd90,0x000000008a800000)
 Metaspace       used 48275K, committed 49600K, reserved 1114112K
  class space    used 5142K, committed 5760K, reserved 1048576K
GC Heap History (20 events):
Event: 12.956 GC heap before
{Heap before GC invocations=99 (full 2):
 PSYoungGen      total 6144K, used 5780K [0x00000000d5580000, 0x00000000d5d00000, 0x0000000100000000)
  eden space 4608K, 100% used [0x00000000d5580000,0x00000000d5a00000,0x00000000d5a00000)
  from space 1536K, 76% used [0x00000000d5b80000,0x00000000d5ca5260,0x00000000d5d00000)
  to   space 1536K, 0% used [0x00000000d5a00000,0x00000000d5a00000,0x00000000d5b80000)
 ParOldGen       total 158208K, used 158072K [0x0000000080000000, 0x0000000089a80000, 0x00000000d5580000)
  object space 158208K, 99% used [0x0000000080000000,0x0000000089a5e188,0x0000000089a80000)
 Metaspace       used 48275K, committed 49600K, reserved 1114112K
  class space    used 5142K, committed 5760K, reserved 1048576K
}
Event: 12.958 GC heap after
{Heap after GC invocations=99 (full 2):
 PSYoungGen      total 6144K, used 1167K [0x00000000d5580000, 0x00000000d5d00000, 0x0000000100000000)
  eden space 4608K, 0% used [0x00000000d5580000,0x00000000d5580000,0x00000000d5a00000)
  from space 1536K, 76% used [0x00000000d5a00000,0x00000000d5b23f48,0x00000000d5b80000)
  to   space 1536K, 0% used [0x00000000d5b80000,0x00000000d5b80000,0x00000000d5d00000)
 ParOldGen       total 159232K, used 159129K [0x0000000080000000, 0x0000000089b80000, 0x00000000d5580000)
  object space 159232K, 99% used [0x0000000080000000,0x0000000089b66438,0x0000000089b80000)
 Metaspace       used 48275K, committed 49600K, reserved 1114112K
  class space    used 5142K, committed 5760K, reserved 1048576K
}
Event: 12.966 GC heap before
{Heap before GC invocations=100 (full 2):
 PSYoungGen      total 6144K, used 5775K [0x00000000d5580000, 0x00000000d5d00000, 0x0000000100000000)
  eden space 4608K, 100% used [0x00000000d5580000,0x00000000d5a00000,0x00000000d5a00000)
  from space 1536K, 76% used [0x00000000d5a00000,0x00000000d5b23f48,0x00000000d5b80000)
  to   space 1536K, 0% used [0x00000000d5b80000,0x00000000d5b80000,0x00000000d5d00000)
 ParOldGen       total 159232K, used 159129K [0x0000000080000000, 0x0000000089b80000, 0x00000000d5580000)
  object space 159232K, 99% used [0x0000000080000000,0x0000000089b66438,0x0000000089b80000)
 Metaspace       used 48275K, committed 49600K, reserved 1114112K
  class space    used 5142K, committed 5760K, reserved 1048576K
}
Event: 12.967 GC heap after
{Heap after GC invocations=100 (full 2):
 PSYoungGen      total 6144K, used 1241K [0x00000000d5580000, 0x00000000d5d00000, 0x0000000100000000)
  eden space 4608K, 0% used [0x00000000d5580000,0x00000000d5580000,0x00000000d5a00000)
  from space 1536K, 80% used [0x00000000d5b80000,0x00000000d5cb6568,0x00000000d5d00000)
  to   space 1536K, 0% used [0x00000000d5a00000,0x00000000d5a00000,0x00000000d5b80000)
 ParOldGen       total 160256K, used 160189K [0x0000000080000000, 0x0000000089c80000, 0x00000000d5580000)
  object space 160256K, 99% used [0x0000000080000000,0x0000000089c6f710,0x0000000089c80000)
 Metaspace       used 48275K, committed 49600K, reserved 1114112K
  class space    used 5142K, committed 5760K, reserved 1048576K
}
Event: 12.977 GC heap before
{Heap before GC invocations=101 (full 2):
 PSYoungGen      total 6144K, used 5849K [0x00000000d5580000, 0x00000000d5d00000, 0x0000000100000000)
  eden space 4608K, 100% used [0x00000000d5580000,0x00000000d5a00000,0x00000000d5a00000)
  from space 1536K, 80% used [0x00000000d5b80000,0x00000000d5cb6568,0x00000000d5d00000)
  to   space 1536K, 0% used [0x00000000d5a00000,0x00000000d5a00000,0x00000000d5b80000)
 ParOldGen       total 160256K, used 160189K [0x0000000080000000, 0x0000000089c80000, 0x00000000d5580000)
  object space 160256K, 99% used [0x0000000080000000,0x0000000089c6f710,0x0000000089c80000)
 Metaspace       used 48275K, committed 49600K, reserved 1114112K
  class space    used 5142K, committed 5760K, reserved 1048576K
}
Event: 12.978 GC heap after
{Heap after GC invocations=101 (full 2):
 PSYoungGen      total 6144K, used 1201K [0x00000000d5580000, 0x00000000d5d00000, 0x0000000100000000)
  eden space 4608K, 0% used [0x00000000d5580000,0x00000000d5580000,0x00000000d5a00000)
  from space 1536K, 78% used [0x00000000d5a00000,0x00000000d5b2c440,0x00000000d5b80000)
  to   space 1536K, 0% used [0x00000000d5b80000,0x00000000d5b80000,0x00000000d5d00000)
 ParOldGen       total 161280K, used 161265K [0x0000000080000000, 0x0000000089d80000, 0x00000000d5580000)
  object space 161280K, 99% used [0x0000000080000000,0x0000000089d7c690,0x0000000089d80000)
 Metaspace       used 48275K, committed 49600K, reserved 1114112K
  class space    used 5142K, committed 5760K, reserved 1048576K
}
Event: 12.989 GC heap before
{Heap before GC invocations=102 (full 2):
 PSYoungGen      total 6144K, used 5809K [0x00000000d5580000, 0x00000000d5d00000, 0x0000000100000000)
  eden space 4608K, 100% used [0x00000000d5580000,0x00000000d5a00000,0x00000000d5a00000)
  from space 1536K, 78% used [0x00000000d5a00000,0x00000000d5b2c440,0x00000000d5b80000)
  to   space 1536K, 0% used [0x00000000d5b80000,0x00000000d5b80000,0x00000000d5d00000)
 ParOldGen       total 161280K, used 161265K [0x0000000080000000, 0x0000000089d80000, 0x00000000d5580000)
  object space 161280K, 99% used [0x0000000080000000,0x0000000089d7c690,0x0000000089d80000)
 Metaspace       used 48275K, committed 49600K, reserved 1114112K
  class space    used 5142K, committed 5760K, reserved 1048576K
}
Event: 12.990 GC heap after
{Heap after GC invocations=102 (full 2):
 PSYoungGen      total 6144K, used 1215K [0x00000000d5580000, 0x00000000d5d00000, 0x0000000100000000)
  eden space 4608K, 0% used [0x00000000d5580000,0x00000000d5580000,0x00000000d5a00000)
  from space 1536K, 79% used [0x00000000d5b80000,0x00000000d5cafde8,0x00000000d5d00000)
  to   space 1536K, 0% used [0x00000000d5a00000,0x00000000d5a00000,0x00000000d5b80000)
 ParOldGen       total 162816K, used 162372K [0x0000000080000000, 0x0000000089f00000, 0x00000000d5580000)
  object space 162816K, 99% used [0x0000000080000000,0x0000000089e912b0,0x0000000089f00000)
 Metaspace       used 48275K, committed 49600K, reserved 1114112K
  class space    used 5142K, committed 5760K, reserved 1048576K
}
Event: 12.999 GC heap before
{Heap before GC invocations=103 (full 2):
 PSYoungGen      total 6144K, used 5823K [0x00000000d5580000, 0x00000000d5d00000, 0x0000000100000000)
  eden space 4608K, 100% used [0x00000000d5580000,0x00000000d5a00000,0x00000000d5a00000)
  from space 1536K, 79% used [0x00000000d5b80000,0x00000000d5cafde8,0x00000000d5d00000)
  to   space 1536K, 0% used [0x00000000d5a00000,0x00000000d5a00000,0x00000000d5b80000)
 ParOldGen       total 162816K, used 162372K [0x0000000080000000, 0x0000000089f00000, 0x00000000d5580000)
  object space 162816K, 99% used [0x0000000080000000,0x0000000089e912b0,0x0000000089f00000)
 Metaspace       used 48275K, committed 49600K, reserved 1114112K
  class space    used 5142K, committed 5760K, reserved 1048576K
}
Event: 13.001 GC heap after
{Heap after GC invocations=103 (full 2):
 PSYoungGen      total 6144K, used 1202K [0x00000000d5580000, 0x00000000d5d00000, 0x0000000100000000)
  eden space 4608K, 0% used [0x00000000d5580000,0x00000000d5580000,0x00000000d5a00000)
  from space 1536K, 78% used [0x00000000d5a00000,0x00000000d5b2c9a0,0x00000000d5b80000)
  to   space 1536K, 0% used [0x00000000d5b80000,0x00000000d5b80000,0x00000000d5d00000)
 ParOldGen       total 163840K, used 163464K [0x0000000080000000, 0x000000008a000000, 0x00000000d5580000)
  object space 163840K, 99% used [0x0000000080000000,0x0000000089fa2370,0x000000008a000000)
 Metaspace       used 48275K, committed 49600K, reserved 1114112K
  class space    used 5142K, committed 5760K, reserved 1048576K
}
Event: 13.012 GC heap before
{Heap before GC invocations=104 (full 2):
 PSYoungGen      total 6144K, used 5810K [0x00000000d5580000, 0x00000000d5d00000, 0x0000000100000000)
  eden space 4608K, 100% used [0x00000000d5580000,0x00000000d5a00000,0x00000000d5a00000)
  from space 1536K, 78% used [0x00000000d5a00000,0x00000000d5b2c9a0,0x00000000d5b80000)
  to   space 1536K, 0% used [0x00000000d5b80000,0x00000000d5b80000,0x00000000d5d00000)
 ParOldGen       total 163840K, used 163464K [0x0000000080000000, 0x000000008a000000, 0x00000000d5580000)
  object space 163840K, 99% used [0x0000000080000000,0x0000000089fa2370,0x000000008a000000)
 Metaspace       used 48275K, committed 49600K, reserved 1114112K
  class space    used 5142K, committed 5760K, reserved 1048576K
}
Event: 13.013 GC heap after
{Heap after GC invocations=104 (full 2):
 PSYoungGen      total 6144K, used 1222K [0x00000000d5580000, 0x00000000d5d00000, 0x0000000100000000)
  eden space 4608K, 0% used [0x00000000d5580000,0x00000000d5580000,0x00000000d5a00000)
  from space 1536K, 79% used [0x00000000d5b80000,0x00000000d5cb1b08,0x00000000d5d00000)
  to   space 1536K, 0% used [0x00000000d5a00000,0x00000000d5a00000,0x00000000d5b80000)
 ParOldGen       total 164864K, used 164528K [0x0000000080000000, 0x000000008a100000, 0x00000000d5580000)
  object space 164864K, 99% used [0x0000000080000000,0x000000008a0ac0c0,0x000000008a100000)
 Metaspace       used 48275K, committed 49600K, reserved 1114112K
  class space    used 5142K, committed 5760K, reserved 1048576K
}
Event: 13.024 GC heap before
{Heap before GC invocations=105 (full 2):
 PSYoungGen      total 6144K, used 5830K [0x00000000d5580000, 0x00000000d5d00000, 0x0000000100000000)
  eden space 4608K, 100% used [0x00000000d5580000,0x00000000d5a00000,0x00000000d5a00000)
  from space 1536K, 79% used [0x00000000d5b80000,0x00000000d5cb1b08,0x00000000d5d00000)
  to   space 1536K, 0% used [0x00000000d5a00000,0x00000000d5a00000,0x00000000d5b80000)
 ParOldGen       total 164864K, used 164528K [0x0000000080000000, 0x000000008a100000, 0x00000000d5580000)
  object space 164864K, 99% used [0x0000000080000000,0x000000008a0ac0c0,0x000000008a100000)
 Metaspace       used 48275K, committed 49600K, reserved 1114112K
  class space    used 5142K, committed 5760K, reserved 1048576K
}
Event: 13.026 GC heap after
{Heap after GC invocations=105 (full 2):
 PSYoungGen      total 6144K, used 1204K [0x00000000d5580000, 0x00000000d5d00000, 0x0000000100000000)
  eden space 4608K, 0% used [0x00000000d5580000,0x00000000d5580000,0x00000000d5a00000)
  from space 1536K, 78% used [0x00000000d5a00000,0x00000000d5b2d270,0x00000000d5b80000)
  to   space 1536K, 0% used [0x00000000d5b80000,0x00000000d5b80000,0x00000000d5d00000)
 ParOldGen       total 165888K, used 165594K [0x0000000080000000, 0x000000008a200000, 0x00000000d5580000)
  object space 165888K, 99% used [0x0000000080000000,0x000000008a1b6950,0x000000008a200000)
 Metaspace       used 48275K, committed 49600K, reserved 1114112K
  class space    used 5142K, committed 5760K, reserved 1048576K
}
Event: 13.038 GC heap before
{Heap before GC invocations=106 (full 2):
 PSYoungGen      total 6144K, used 5812K [0x00000000d5580000, 0x00000000d5d00000, 0x0000000100000000)
  eden space 4608K, 100% used [0x00000000d5580000,0x00000000d5a00000,0x00000000d5a00000)
  from space 1536K, 78% used [0x00000000d5a00000,0x00000000d5b2d270,0x00000000d5b80000)
  to   space 1536K, 0% used [0x00000000d5b80000,0x00000000d5b80000,0x00000000d5d00000)
 ParOldGen       total 165888K, used 165594K [0x0000000080000000, 0x000000008a200000, 0x00000000d5580000)
  object space 165888K, 99% used [0x0000000080000000,0x000000008a1b6950,0x000000008a200000)
 Metaspace       used 48275K, committed 49600K, reserved 1114112K
  class space    used 5142K, committed 5760K, reserved 1048576K
}
Event: 13.039 GC heap after
{Heap after GC invocations=106 (full 2):
 PSYoungGen      total 6144K, used 1239K [0x00000000d5580000, 0x00000000d5d00000, 0x0000000100000000)
  eden space 4608K, 0% used [0x00000000d5580000,0x00000000d5580000,0x00000000d5a00000)
  from space 1536K, 80% used [0x00000000d5b80000,0x00000000d5cb5ca8,0x00000000d5d00000)
  to   space 1536K, 0% used [0x00000000d5a00000,0x00000000d5a00000,0x00000000d5b80000)
 ParOldGen       total 166912K, used 166671K [0x0000000080000000, 0x000000008a300000, 0x00000000d5580000)
  object space 166912K, 99% used [0x0000000080000000,0x000000008a2c3dd0,0x000000008a300000)
 Metaspace       used 48275K, committed 49600K, reserved 1114112K
  class space    used 5142K, committed 5760K, reserved 1048576K
}
Event: 13.050 GC heap before
{Heap before GC invocations=107 (full 2):
 PSYoungGen      total 6144K, used 5847K [0x00000000d5580000, 0x00000000d5d00000, 0x0000000100000000)
  eden space 4608K, 100% used [0x00000000d5580000,0x00000000d5a00000,0x00000000d5a00000)
  from space 1536K, 80% used [0x00000000d5b80000,0x00000000d5cb5ca8,0x00000000d5d00000)
  to   space 1536K, 0% used [0x00000000d5a00000,0x00000000d5a00000,0x00000000d5b80000)
 ParOldGen       total 166912K, used 166671K [0x0000000080000000, 0x000000008a300000, 0x00000000d5580000)
  object space 166912K, 99% used [0x0000000080000000,0x000000008a2c3dd0,0x000000008a300000)
 Metaspace       used 48275K, committed 49600K, reserved 1114112K
  class space    used 5142K, committed 5760K, reserved 1048576K
}
Event: 13.051 GC heap after
{Heap after GC invocations=107 (full 2):
 PSYoungGen      total 6144K, used 1281K [0x00000000d5580000, 0x00000000d5d00000, 0x0000000100000000)
  eden space 4608K, 0% used [0x00000000d5580000,0x00000000d5580000,0x00000000d5a00000)
  from space 1536K, 83% used [0x00000000d5a00000,0x00000000d5b404c0,0x00000000d5b80000)
  to   space 1536K, 0% used [0x00000000d5b80000,0x00000000d5b80000,0x00000000d5d00000)
 ParOldGen       total 167936K, used 167751K [0x0000000080000000, 0x000000008a400000, 0x00000000d5580000)
  object space 167936K, 99% used [0x0000000080000000,0x000000008a3d1f38,0x000000008a400000)
 Metaspace       used 48275K, committed 49600K, reserved 1114112K
  class space    used 5142K, committed 5760K, reserved 1048576K
}
Event: 13.062 GC heap before
{Heap before GC invocations=108 (full 2):
 PSYoungGen      total 6144K, used 5889K [0x00000000d5580000, 0x00000000d5d00000, 0x0000000100000000)
  eden space 4608K, 100% used [0x00000000d5580000,0x00000000d5a00000,0x00000000d5a00000)
  from space 1536K, 83% used [0x00000000d5a00000,0x00000000d5b404c0,0x00000000d5b80000)
  to   space 1536K, 0% used [0x00000000d5b80000,0x00000000d5b80000,0x00000000d5d00000)
 ParOldGen       total 167936K, used 167751K [0x0000000080000000, 0x000000008a400000, 0x00000000d5580000)
  object space 167936K, 99% used [0x0000000080000000,0x000000008a3d1f38,0x000000008a400000)
 Metaspace       used 48275K, committed 49600K, reserved 1114112K
  class space    used 5142K, committed 5760K, reserved 1048576K
}
Event: 13.064 GC heap after
{Heap after GC invocations=108 (full 2):
 PSYoungGen      total 6144K, used 1223K [0x00000000d5580000, 0x00000000d5d00000, 0x0000000100000000)
  eden space 4608K, 0% used [0x00000000d5580000,0x00000000d5580000,0x00000000d5a00000)
  from space 1536K, 79% used [0x00000000d5b80000,0x00000000d5cb1fe0,0x00000000d5d00000)
  to   space 1536K, 0% used [0x00000000d5a00000,0x00000000d5a00000,0x00000000d5b80000)
 ParOldGen       total 168960K, used 168871K [0x0000000080000000, 0x000000008a500000, 0x00000000d5580000)
  object space 168960K, 99% used [0x0000000080000000,0x000000008a4e9cf0,0x000000008a500000)
 Metaspace       used 48275K, committed 49600K, reserved 1114112K
  class space    used 5142K, committed 5760K, reserved 1048576K
}

