# JRE version: OpenJDK Runtime Environment Temurin-21.0.7+6 (21.0.7+6) (build 21.0.7+6-LTS)
# Java VM: OpenJDK 64-Bit Server VM Temurin-21.0.7+6 (21.0.7+6-LTS, mixed mode, sharing, tiered, compressed oops, compressed class ptrs, parallel gc, windows-amd64)
GC Precious Log:
 CardTable entry size: 512
 CPUs: 12 total, 12 available
 Memory: 16331M
 Large Page Support: Disabled
 NUMA Support: Disabled
 Compressed Oops: Enabled (32-bit)
 Alignments: Space 512K, Generation 512K, Heap 2M
 Heap Min Capacity: 100M
 Heap Initial Capacity: 100M
 Heap Max Capacity: 2G
 Pre-touch: Disabled
 Parallel Workers: 10
Heap:
 PSYoungGen      total 11776K, used 8346K [0x00000000d5580000, 0x00000000d6300000, 0x0000000100000000)
  eden space 9728K, 69% used [0x00000000d5580000,0x00000000d5c0e298,0x00000000d5f00000)
  from space 2048K, 79% used [0x00000000d5f00000,0x00000000d60988d0,0x00000000d6100000)
  to   space 2048K, 0% used [0x00000000d6100000,0x00000000d6100000,0x00000000d6300000)
 ParOldGen       total 105984K, used 105801K [0x0000000080000000, 0x0000000086780000, 0x00000000d5580000)
  object space 105984K, 99% used [0x0000000080000000,0x0000000086752688,0x0000000086780000)
 Metaspace       used 51548K, committed 52864K, reserved 1114112K
  class space    used 5499K, committed 6080K, reserved 1048576K
GC Heap History (20 events):
Event: 4.903 GC heap before
{Heap before GC invocations=38 (full 2):
 PSYoungGen      total 16384K, used 16278K [0x00000000d5580000, 0x00000000d6b00000, 0x0000000100000000)
  eden space 13824K, 100% used [0x00000000d5580000,0x00000000d6300000,0x00000000d6300000)
  from space 2560K, 95% used [0x00000000d6300000,0x00000000d6565810,0x00000000d6580000)
  to   space 4096K, 0% used [0x00000000d6700000,0x00000000d6700000,0x00000000d6b00000)
 ParOldGen       total 74240K, used 74225K [0x0000000080000000, 0x0000000084880000, 0x00000000d5580000)
  object space 74240K, 99% used [0x0000000080000000,0x000000008487c7a0,0x0000000084880000)
 Metaspace       used 48125K, committed 49408K, reserved 1114112K
  class space    used 5090K, committed 5632K, reserved 1048576K
}
Event: 4.905 GC heap after
{Heap after GC invocations=38 (full 2):
 PSYoungGen      total 16896K, used 2914K [0x00000000d5580000, 0x00000000d6a00000, 0x0000000100000000)
  eden space 13824K, 0% used [0x00000000d5580000,0x00000000d5580000,0x00000000d6300000)
  from space 3072K, 94% used [0x00000000d6700000,0x00000000d69d8960,0x00000000d6a00000)
  to   space 3072K, 0% used [0x00000000d6400000,0x00000000d6400000,0x00000000d6700000)
 ParOldGen       total 76800K, used 76385K [0x0000000080000000, 0x0000000084b00000, 0x00000000d5580000)
  object space 76800K, 99% used [0x0000000080000000,0x0000000084a98410,0x0000000084b00000)
 Metaspace       used 48125K, committed 49408K, reserved 1114112K
  class space    used 5090K, committed 5632K, reserved 1048576K
}
Event: 4.934 GC heap before
{Heap before GC invocations=39 (full 2):
 PSYoungGen      total 16896K, used 16738K [0x00000000d5580000, 0x00000000d6a00000, 0x0000000100000000)
  eden space 13824K, 100% used [0x00000000d5580000,0x00000000d6300000,0x00000000d6300000)
  from space 3072K, 94% used [0x00000000d6700000,0x00000000d69d8960,0x00000000d6a00000)
  to   space 3072K, 0% used [0x00000000d6400000,0x00000000d6400000,0x00000000d6700000)
 ParOldGen       total 76800K, used 76385K [0x0000000080000000, 0x0000000084b00000, 0x00000000d5580000)
  object space 76800K, 99% used [0x0000000080000000,0x0000000084a98410,0x0000000084b00000)
 Metaspace       used 48553K, committed 49792K, reserved 1114112K
  class space    used 5141K, committed 5632K, reserved 1048576K
}
Event: 4.937 GC heap after
{Heap after GC invocations=39 (full 2):
 PSYoungGen      total 16896K, used 2958K [0x00000000d5580000, 0x00000000d6900000, 0x0000000100000000)
  eden space 13824K, 0% used [0x00000000d5580000,0x00000000d5580000,0x00000000d6300000)
  from space 3072K, 96% used [0x00000000d6400000,0x00000000d66e3928,0x00000000d6700000)
  to   space 2048K, 0% used [0x00000000d6700000,0x00000000d6700000,0x00000000d6900000)
 ParOldGen       total 79360K, used 79177K [0x0000000080000000, 0x0000000084d80000, 0x00000000d5580000)
  object space 79360K, 99% used [0x0000000080000000,0x0000000084d52798,0x0000000084d80000)
 Metaspace       used 48553K, committed 49792K, reserved 1114112K
  class space    used 5141K, committed 5632K, reserved 1048576K
}
Event: 4.970 GC heap before
{Heap before GC invocations=40 (full 2):
 PSYoungGen      total 16896K, used 16755K [0x00000000d5580000, 0x00000000d6900000, 0x0000000100000000)
  eden space 13824K, 99% used [0x00000000d5580000,0x00000000d62f9598,0x00000000d6300000)
  from space 3072K, 96% used [0x00000000d6400000,0x00000000d66e3928,0x00000000d6700000)
  to   space 2048K, 0% used [0x00000000d6700000,0x00000000d6700000,0x00000000d6900000)
 ParOldGen       total 79360K, used 79211K [0x0000000080000000, 0x0000000084d80000, 0x00000000d5580000)
  object space 79360K, 99% used [0x0000000080000000,0x0000000084d5ac88,0x0000000084d80000)
 Metaspace       used 49452K, committed 50752K, reserved 1114112K
  class space    used 5217K, committed 5760K, reserved 1048576K
}
Event: 4.972 GC heap after
{Heap after GC invocations=40 (full 2):
 PSYoungGen      total 14336K, used 2031K [0x00000000d5580000, 0x00000000d6e00000, 0x0000000100000000)
  eden space 12288K, 0% used [0x00000000d5580000,0x00000000d5580000,0x00000000d6180000)
  from space 2048K, 99% used [0x00000000d6700000,0x00000000d68fbc70,0x00000000d6900000)
  to   space 5632K, 0% used [0x00000000d6180000,0x00000000d6180000,0x00000000d6700000)
 ParOldGen       total 82432K, used 82122K [0x0000000080000000, 0x0000000085080000, 0x00000000d5580000)
  object space 82432K, 99% used [0x0000000080000000,0x0000000085032900,0x0000000085080000)
 Metaspace       used 49452K, committed 50752K, reserved 1114112K
  class space    used 5217K, committed 5760K, reserved 1048576K
}
Event: 4.996 GC heap before
{Heap before GC invocations=41 (full 2):
 PSYoungGen      total 14336K, used 14319K [0x00000000d5580000, 0x00000000d6e00000, 0x0000000100000000)
  eden space 12288K, 99% used [0x00000000d5580000,0x00000000d617fff0,0x00000000d6180000)
  from space 2048K, 99% used [0x00000000d6700000,0x00000000d68fbc70,0x00000000d6900000)
  to   space 5632K, 0% used [0x00000000d6180000,0x00000000d6180000,0x00000000d6700000)
 ParOldGen       total 82432K, used 82168K [0x0000000080000000, 0x0000000085080000, 0x00000000d5580000)
  object space 82432K, 99% used [0x0000000080000000,0x000000008503e208,0x0000000085080000)
 Metaspace       used 50088K, committed 51328K, reserved 1114112K
  class space    used 5307K, committed 5824K, reserved 1048576K
}
Event: 4.998 GC heap after
{Heap after GC invocations=41 (full 2):
 PSYoungGen      total 14336K, used 2012K [0x00000000d5580000, 0x00000000d6880000, 0x0000000100000000)
  eden space 12288K, 0% used [0x00000000d5580000,0x00000000d5580000,0x00000000d6180000)
  from space 2048K, 98% used [0x00000000d6180000,0x00000000d6377198,0x00000000d6380000)
  to   space 3584K, 0% used [0x00000000d6500000,0x00000000d6500000,0x00000000d6880000)
 ParOldGen       total 84480K, used 84079K [0x0000000080000000, 0x0000000085280000, 0x00000000d5580000)
  object space 84480K, 99% used [0x0000000080000000,0x000000008521bfe8,0x0000000085280000)
 Metaspace       used 50088K, committed 51328K, reserved 1114112K
  class space    used 5307K, committed 5824K, reserved 1048576K
}
Event: 5.024 GC heap before
{Heap before GC invocations=42 (full 2):
 PSYoungGen      total 14336K, used 14300K [0x00000000d5580000, 0x00000000d6880000, 0x0000000100000000)
  eden space 12288K, 100% used [0x00000000d5580000,0x00000000d6180000,0x00000000d6180000)
  from space 2048K, 98% used [0x00000000d6180000,0x00000000d6377198,0x00000000d6380000)
  to   space 3584K, 0% used [0x00000000d6500000,0x00000000d6500000,0x00000000d6880000)
 ParOldGen       total 84480K, used 84079K [0x0000000080000000, 0x0000000085280000, 0x00000000d5580000)
  object space 84480K, 99% used [0x0000000080000000,0x000000008521bfe8,0x0000000085280000)
 Metaspace       used 50399K, committed 51776K, reserved 1114112K
  class space    used 5339K, committed 5888K, reserved 1048576K
}
Event: 5.025 GC heap after
{Heap after GC invocations=42 (full 2):
 PSYoungGen      total 15360K, used 2569K [0x00000000d5580000, 0x00000000d6800000, 0x0000000100000000)
  eden space 12288K, 0% used [0x00000000d5580000,0x00000000d5580000,0x00000000d6180000)
  from space 3072K, 83% used [0x00000000d6500000,0x00000000d6782518,0x00000000d6800000)
  to   space 3072K, 0% used [0x00000000d6200000,0x00000000d6200000,0x00000000d6500000)
 ParOldGen       total 86016K, used 85894K [0x0000000080000000, 0x0000000085400000, 0x00000000d5580000)
  object space 86016K, 99% used [0x0000000080000000,0x00000000853e1b38,0x0000000085400000)
 Metaspace       used 50399K, committed 51776K, reserved 1114112K
  class space    used 5339K, committed 5888K, reserved 1048576K
}
Event: 5.050 GC heap before
{Heap before GC invocations=43 (full 2):
 PSYoungGen      total 15360K, used 14857K [0x00000000d5580000, 0x00000000d6800000, 0x0000000100000000)
  eden space 12288K, 100% used [0x00000000d5580000,0x00000000d6180000,0x00000000d6180000)
  from space 3072K, 83% used [0x00000000d6500000,0x00000000d6782518,0x00000000d6800000)
  to   space 3072K, 0% used [0x00000000d6200000,0x00000000d6200000,0x00000000d6500000)
 ParOldGen       total 86016K, used 85894K [0x0000000080000000, 0x0000000085400000, 0x00000000d5580000)
  object space 86016K, 99% used [0x0000000080000000,0x00000000853e1b38,0x0000000085400000)
 Metaspace       used 50439K, committed 51776K, reserved 1114112K
  class space    used 5340K, committed 5888K, reserved 1048576K
}
Event: 5.052 GC heap after
{Heap after GC invocations=43 (full 2):
 PSYoungGen      total 15360K, used 3010K [0x00000000d5580000, 0x00000000d6880000, 0x0000000100000000)
  eden space 12288K, 0% used [0x00000000d5580000,0x00000000d5580000,0x00000000d6180000)
  from space 3072K, 98% used [0x00000000d6200000,0x00000000d64f0ae0,0x00000000d6500000)
  to   space 3584K, 0% used [0x00000000d6500000,0x00000000d6500000,0x00000000d6880000)
 ParOldGen       total 88576K, used 88246K [0x0000000080000000, 0x0000000085680000, 0x00000000d5580000)
  object space 88576K, 99% used [0x0000000080000000,0x000000008562db00,0x0000000085680000)
 Metaspace       used 50439K, committed 51776K, reserved 1114112K
  class space    used 5340K, committed 5888K, reserved 1048576K
}
Event: 5.078 GC heap before
{Heap before GC invocations=44 (full 2):
 PSYoungGen      total 15360K, used 15298K [0x00000000d5580000, 0x00000000d6880000, 0x0000000100000000)
  eden space 12288K, 100% used [0x00000000d5580000,0x00000000d6180000,0x00000000d6180000)
  from space 3072K, 98% used [0x00000000d6200000,0x00000000d64f0ae0,0x00000000d6500000)
  to   space 3584K, 0% used [0x00000000d6500000,0x00000000d6500000,0x00000000d6880000)
 ParOldGen       total 88576K, used 88246K [0x0000000080000000, 0x0000000085680000, 0x00000000d5580000)
  object space 88576K, 99% used [0x0000000080000000,0x000000008562db00,0x0000000085680000)
 Metaspace       used 50727K, committed 52096K, reserved 1114112K
  class space    used 5375K, committed 5952K, reserved 1048576K
}
Event: 5.080 GC heap after
{Heap after GC invocations=44 (full 2):
 PSYoungGen      total 15360K, used 2601K [0x00000000d5580000, 0x00000000d6800000, 0x0000000100000000)
  eden space 12288K, 0% used [0x00000000d5580000,0x00000000d5580000,0x00000000d6180000)
  from space 3072K, 84% used [0x00000000d6500000,0x00000000d678a798,0x00000000d6800000)
  to   space 3072K, 0% used [0x00000000d6200000,0x00000000d6200000,0x00000000d6500000)
 ParOldGen       total 91136K, used 91014K [0x0000000080000000, 0x0000000085900000, 0x00000000d5580000)
  object space 91136K, 99% used [0x0000000080000000,0x00000000858e1958,0x0000000085900000)
 Metaspace       used 50727K, committed 52096K, reserved 1114112K
  class space    used 5375K, committed 5952K, reserved 1048576K
}
Event: 5.104 GC heap before
{Heap before GC invocations=45 (full 2):
 PSYoungGen      total 15360K, used 14889K [0x00000000d5580000, 0x00000000d6800000, 0x0000000100000000)
  eden space 12288K, 100% used [0x00000000d5580000,0x00000000d6180000,0x00000000d6180000)
  from space 3072K, 84% used [0x00000000d6500000,0x00000000d678a798,0x00000000d6800000)
  to   space 3072K, 0% used [0x00000000d6200000,0x00000000d6200000,0x00000000d6500000)
 ParOldGen       total 91136K, used 91014K [0x0000000080000000, 0x0000000085900000, 0x00000000d5580000)
  object space 91136K, 99% used [0x0000000080000000,0x00000000858e1958,0x0000000085900000)
 Metaspace       used 50936K, committed 52288K, reserved 1114112K
  class space    used 5395K, committed 5952K, reserved 1048576K
}
Event: 5.106 GC heap after
{Heap after GC invocations=45 (full 2):
 PSYoungGen      total 15360K, used 2756K [0x00000000d5580000, 0x00000000d6780000, 0x0000000100000000)
  eden space 12288K, 0% used [0x00000000d5580000,0x00000000d5580000,0x00000000d6180000)
  from space 3072K, 89% used [0x00000000d6200000,0x00000000d64b1128,0x00000000d6500000)
  to   space 2560K, 0% used [0x00000000d6500000,0x00000000d6500000,0x00000000d6780000)
 ParOldGen       total 93696K, used 93461K [0x0000000080000000, 0x0000000085b80000, 0x00000000d5580000)
  object space 93696K, 99% used [0x0000000080000000,0x0000000085b454d0,0x0000000085b80000)
 Metaspace       used 50936K, committed 52288K, reserved 1114112K
  class space    used 5395K, committed 5952K, reserved 1048576K
}
Event: 5.133 GC heap before
{Heap before GC invocations=46 (full 2):
 PSYoungGen      total 15360K, used 15044K [0x00000000d5580000, 0x00000000d6780000, 0x0000000100000000)
  eden space 12288K, 100% used [0x00000000d5580000,0x00000000d6180000,0x00000000d6180000)
  from space 3072K, 89% used [0x00000000d6200000,0x00000000d64b1128,0x00000000d6500000)
  to   space 2560K, 0% used [0x00000000d6500000,0x00000000d6500000,0x00000000d6780000)
 ParOldGen       total 93696K, used 93461K [0x0000000080000000, 0x0000000085b80000, 0x00000000d5580000)
  object space 93696K, 99% used [0x0000000080000000,0x0000000085b454d0,0x0000000085b80000)
 Metaspace       used 51033K, committed 52352K, reserved 1114112K
  class space    used 5406K, committed 5952K, reserved 1048576K
}
Event: 5.136 GC heap after
{Heap after GC invocations=46 (full 2):
 PSYoungGen      total 12288K, used 2556K [0x00000000d5580000, 0x00000000d6d80000, 0x0000000100000000)
  eden space 9728K, 0% used [0x00000000d5580000,0x00000000d5580000,0x00000000d5f00000)
  from space 2560K, 99% used [0x00000000d6500000,0x00000000d677f110,0x00000000d6780000)
  to   space 6144K, 0% used [0x00000000d5f00000,0x00000000d5f00000,0x00000000d6500000)
 ParOldGen       total 96768K, used 96318K [0x0000000080000000, 0x0000000085e80000, 0x00000000d5580000)
  object space 96768K, 99% used [0x0000000080000000,0x0000000085e0f948,0x0000000085e80000)
 Metaspace       used 51033K, committed 52352K, reserved 1114112K
  class space    used 5406K, committed 5952K, reserved 1048576K
}
Event: 5.171 GC heap before
{Heap before GC invocations=47 (full 2):
 PSYoungGen      total 12288K, used 12284K [0x00000000d5580000, 0x00000000d6d80000, 0x0000000100000000)
  eden space 9728K, 100% used [0x00000000d5580000,0x00000000d5f00000,0x00000000d5f00000)
  from space 2560K, 99% used [0x00000000d6500000,0x00000000d677f110,0x00000000d6780000)
  to   space 6144K, 0% used [0x00000000d5f00000,0x00000000d5f00000,0x00000000d6500000)
 ParOldGen       total 96768K, used 96318K [0x0000000080000000, 0x0000000085e80000, 0x00000000d5580000)
  object space 96768K, 99% used [0x0000000080000000,0x0000000085e0f948,0x0000000085e80000)
 Metaspace       used 51169K, committed 52416K, reserved 1114112K
  class space    used 5431K, committed 5952K, reserved 1048576K
}
Event: 5.175 GC heap after
{Heap after GC invocations=47 (full 2):
 PSYoungGen      total 12288K, used 2173K [0x00000000d5580000, 0x00000000d6600000, 0x0000000100000000)
  eden space 9728K, 0% used [0x00000000d5580000,0x00000000d5580000,0x00000000d5f00000)
  from space 2560K, 84% used [0x00000000d5f00000,0x00000000d611f488,0x00000000d6180000)
  to   space 3584K, 0% used [0x00000000d6280000,0x00000000d6280000,0x00000000d6600000)
 ParOldGen       total 99328K, used 98826K [0x0000000080000000, 0x0000000086100000, 0x00000000d5580000)
  object space 99328K, 99% used [0x0000000080000000,0x00000000860828a8,0x0000000086100000)
 Metaspace       used 51169K, committed 52416K, reserved 1114112K
  class space    used 5431K, committed 5952K, reserved 1048576K
}

